
[08:00:57]	Class 'Application\Categories\SelectGrid' not found
C:\wamp2\www\kex\modules\Admin\controller\grid-categories.php#21

[08:00:57]	[type]: 1  Class 'Application\Categories\SelectGrid' not found [file]: C:\wamp2\www\kex\modules\Admin\controller\grid-categories.php [line]: 21 
[08:02:51]	Class 'Application\Categories\SelectGrid' not found
C:\wamp2\www\kex\modules\Admin\controller\grid-categories.php#21

[08:02:51]	[type]: 1  Class 'Application\Categories\SelectGrid' not found [file]: C:\wamp2\www\kex\modules\Admin\controller\grid-categories.php [line]: 21 
[08:03:44]	Class 'Application\Categories\SelectGrid' not found
C:\wamp2\www\kex\modules\Admin\controller\grid-categories.php#21

[08:03:44]	[type]: 1  Class 'Application\Categories\SelectGrid' not found [file]: C:\wamp2\www\kex\modules\Admin\controller\grid-categories.php [line]: 21 
[08:04:04]	Call to a member function pages() on a non-object
C:\wamp2\www\kex\Core\View\helper\partial.php#104

[08:04:04]	[type]: 1  Call to a member function pages() on a non-object [file]: C:\wamp2\www\kex\Core\View\helper\partial.php [line]: 104 
[08:04:11]	[type]: 8  Undefined variable: method [file]: C:\wamp2\www\kex\Core\View\ZoqaTwigExtension.php [line]: 493 
[08:08:25]	Class 'Application\Categories\SelectGrid' not found
C:\wamp2\www\kex\modules\Admin\controller\grid-categories.php#21

[08:08:25]	[type]: 1  Class 'Application\Categories\SelectGrid' not found [file]: C:\wamp2\www\kex\modules\Admin\controller\grid-categories.php [line]: 21 
[08:08:50]	Class 'Application\Categories\SelectGrid' not found
C:\wamp2\www\kex\modules\Admin\controller\grid-categories.php#21

[08:08:50]	[type]: 1  Class 'Application\Categories\SelectGrid' not found [file]: C:\wamp2\www\kex\modules\Admin\controller\grid-categories.php [line]: 21 
[08:11:42]	Class 'Application\Categories\SelectGrid' not found
C:\wamp2\www\kex\modules\Admin\controller\grid-categories.php#21

[08:11:42]	[type]: 1  Class 'Application\Categories\SelectGrid' not found [file]: C:\wamp2\www\kex\modules\Admin\controller\grid-categories.php [line]: 21 
[08:11:57]	Class 'Application\Categories\SelectGrid' not found
C:\wamp2\www\kex\modules\Admin\controller\grid-categories.php#21

[08:11:57]	[type]: 1  Class 'Application\Categories\SelectGrid' not found [file]: C:\wamp2\www\kex\modules\Admin\controller\grid-categories.php [line]: 21 
[08:26:16]	syntax error, unexpected ';'
C:\wamp2\www\kex\lib\bluz\Crud\Table.php#100

[08:26:16]	[type]: 4  syntax error, unexpected ';' [file]: C:\wamp2\www\kex\lib\bluz\Crud\Table.php [line]: 100 
[08:34:23]	[type]: 8  Undefined variable: this [file]: C:\wamp2\www\kex\lib\bluz\Db\Table.php [line]: 360 