
[10:53:56]	[type]: 8  Undefined variable: descriptor [file]: C:\wamp2\www\kex\modules\Catalog\widget\manufacturer.php [line]: 23 
[10:56:15]	[type]: 8  Undefined variable: descriptor [file]: C:\wamp2\www\kex\modules\Catalog\widget\manufacturer.php [line]: 23 
[11:25:47]	syntax error, unexpected T_VARIABLE
C:\wamp2\www\kex\modules\Catalog\widget\manufacturer.php#53

[11:25:47]	[type]: 4  syntax error, unexpected T_VARIABLE [file]: C:\wamp2\www\kex\modules\Catalog\widget\manufacturer.php [line]: 53 
[11:34:19]	[type]: 2  include() [<a href='function.include'>function.include</a>]: Failed opening 'C:\wamp2\www\kex/modules/Catalog/ajax/getheadersa.php' for inclusion (include_path='C:\wamp2\www\kex\lib\bluz;.;C:\php\pear') [file]: C:\wamp2\www\kex\lib\bluz\Application\Application.php [line]: 944 
[11:43:45]	[type]: 8  Undefined variable: method [file]: C:\wamp2\www\kex\Core\View\ZoqaTwigExtension.php [line]: 493 
[11:43:54]	[type]: 2  include() [<a href='function.include'>function.include</a>]: Failed opening 'C:\wamp2\www\kex/modules/Test/ajax/.php' for inclusion (include_path='C:\wamp2\www\kex\lib\bluz;.;C:\php\pear') [file]: C:\wamp2\www\kex\lib\bluz\Application\Application.php [line]: 944 
[11:43:56]	[type]: 2  include() [<a href='function.include'>function.include</a>]: Failed opening 'C:\wamp2\www\kex/modules/Test/ajax/.php' for inclusion (include_path='C:\wamp2\www\kex\lib\bluz;.;C:\php\pear') [file]: C:\wamp2\www\kex\lib\bluz\Application\Application.php [line]: 944 
[11:44:19]	[type]: 2  include() [<a href='function.include'>function.include</a>]: Failed opening 'C:\wamp2\www\kex/modules/Test/ajax/.php' for inclusion (include_path='C:\wamp2\www\kex\lib\bluz;.;C:\php\pear') [file]: C:\wamp2\www\kex\lib\bluz\Application\Application.php [line]: 944 
[11:45:11]	[type]: 2  include() [<a href='function.include'>function.include</a>]: Failed opening 'C:\wamp2\www\kex/modules/Test/ajax/.php' for inclusion (include_path='C:\wamp2\www\kex\lib\bluz;.;C:\php\pear') [file]: C:\wamp2\www\kex\lib\bluz\Application\Application.php [line]: 944 
[11:48:58]	Using $this when not in object context
C:\wamp2\www\kex\modules\Test\controller\cache-data.php#25

[11:48:58]	[type]: 1  Using $this when not in object context [file]: C:\wamp2\www\kex\modules\Test\controller\cache-data.php [line]: 25 
[11:49:03]	[type]: 8  Undefined variable: method [file]: C:\wamp2\www\kex\Core\View\ZoqaTwigExtension.php [line]: 493 
[11:58:25]	[type]: 2  include() [<a href='function.include'>function.include</a>]: Failed opening 'C:\wamp2\www\kex/modules/Catalog/ajax/getheaders.php' for inclusion (include_path='C:\wamp2\www\kex\lib\bluz;.;C:\php\pear') [file]: C:\wamp2\www\kex\lib\bluz\Application\Application.php [line]: 944 
[11:59:22]	[type]: 2  include() [<a href='function.include'>function.include</a>]: Failed opening 'C:\wamp2\www\kex/modules/Catalog/ajax/getheaders.php' for inclusion (include_path='C:\wamp2\www\kex\lib\bluz;.;C:\php\pear') [file]: C:\wamp2\www\kex\lib\bluz\Application\Application.php [line]: 944 
[12:08:51]	[type]: 8  Undefined offset: 0 [file]: C:\wamp2\www\kex\Core\View\helper\title.php [line]: 32 
[12:11:24]	[type]: 2  include() [<a href='function.include'>function.include</a>]: Failed opening 'C:\wamp2\www\kex/modules/Catalog/ajax/getheaders.php' for inclusion (include_path='C:\wamp2\www\kex\lib\bluz;.;C:\php\pear') [file]: C:\wamp2\www\kex\lib\bluz\Application\Application.php [line]: 944 
[12:14:11]	[type]: 8  Undefined offset: 0 [file]: C:\wamp2\www\kex\Core\View\helper\title.php [line]: 32 
[12:16:12]	[type]: 8  Undefined offset: 0 [file]: C:\wamp2\www\kex\Core\View\helper\title.php [line]: 32 
[12:17:31]	[type]: 8  Undefined offset: 0 [file]: C:\wamp2\www\kex\Core\View\helper\title.php [line]: 32 
[12:18:13]	[type]: 2  include() [<a href='function.include'>function.include</a>]: Failed opening 'C:\wamp2\www\kex/modules/Catalog/ajax/getheaders.php' for inclusion (include_path='C:\wamp2\www\kex\lib\bluz;.;C:\php\pear') [file]: C:\wamp2\www\kex\lib\bluz\Application\Application.php [line]: 944 