
[12:22:01]	Controller not found 'error/index' [C:\wamp2\www\kex/modules/Error/controller/index.php]
#0 C:\wamp2\www\kex\lib\bluz\Application\Application.php(809): Bluz\Application\Application->getControllerFile('error', 'index')
#1 C:\wamp2\www\kex\lib\bluz\Application\Application.php(777): Bluz\Application\Application->dispatch('error', 'index', Array)
#2 C:\wamp2\www\kex\index.php(114): Bluz\Application\Application->process()
#3 {main}

[12:41:49]	Controller not found 'error/index' [C:\wamp2\www\kex/modules/Error/controller/index.php]
#0 C:\wamp2\www\kex\lib\bluz\Application\Application.php(809): Bluz\Application\Application->getControllerFile('error', 'index')
#1 C:\wamp2\www\kex\lib\bluz\Application\Application.php(777): Bluz\Application\Application->dispatch('error', 'index', Array)
#2 C:\wamp2\www\kex\index.php(114): Bluz\Application\Application->process()
#3 {main}

[12:43:41]	Controller not found 'error/index' [C:\wamp2\www\kex/modules/Error/controller/index.php]
#0 C:\wamp2\www\kex\lib\bluz\Application\Application.php(809): Bluz\Application\Application->getControllerFile('error', 'index')
#1 C:\wamp2\www\kex\lib\bluz\Application\Application.php(777): Bluz\Application\Application->dispatch('error', 'index', Array)
#2 C:\wamp2\www\kex\index.php(114): Bluz\Application\Application->process()
#3 {main}

[12:57:41]	Controller not found 'error/index' [C:\wamp2\www\kex/modules/Error/controller/index.php]
#0 C:\wamp2\www\kex\lib\bluz\Application\Application.php(809): Bluz\Application\Application->getControllerFile('error', 'index')
#1 C:\wamp2\www\kex\lib\bluz\Application\Application.php(777): Bluz\Application\Application->dispatch('error', 'index', Array)
#2 C:\wamp2\www\kex\index.php(114): Bluz\Application\Application->process()
#3 {main}

[13:00:39]	Controller not found 'error/index' [C:\wamp2\www\kex/modules/Error/controller/index.php]
#0 C:\wamp2\www\kex\lib\bluz\Application\Application.php(809): Bluz\Application\Application->getControllerFile('error', 'index')
#1 C:\wamp2\www\kex\lib\bluz\Application\Application.php(777): Bluz\Application\Application->dispatch('error', 'index', Array)
#2 C:\wamp2\www\kex\index.php(114): Bluz\Application\Application->process()
#3 {main}

[13:01:21]	Controller not found 'error/index' [C:\wamp2\www\kex/modules/Error/controller/index.php]
#0 C:\wamp2\www\kex\lib\bluz\Application\Application.php(809): Bluz\Application\Application->getControllerFile('error', 'index')
#1 C:\wamp2\www\kex\lib\bluz\Application\Application.php(777): Bluz\Application\Application->dispatch('error', 'index', Array)
#2 C:\wamp2\www\kex\index.php(114): Bluz\Application\Application->process()
#3 {main}

[13:03:01]	Controller not found 'error/index' [C:\wamp2\www\kex/modules/Error/controller/index.php]
#0 C:\wamp2\www\kex\lib\bluz\Application\Application.php(809): Bluz\Application\Application->getControllerFile('error', 'index')
#1 C:\wamp2\www\kex\lib\bluz\Application\Application.php(777): Bluz\Application\Application->dispatch('error', 'index', Array)
#2 C:\wamp2\www\kex\index.php(114): Bluz\Application\Application->process()
#3 {main}

[13:07:39]	Controller not found 'error/index' [C:\wamp2\www\kex/modules/Error/controller/index.php]
#0 C:\wamp2\www\kex\lib\bluz\Application\Application.php(809): Bluz\Application\Application->getControllerFile('error', 'index')
#1 C:\wamp2\www\kex\lib\bluz\Application\Application.php(777): Bluz\Application\Application->dispatch('error', 'index', Array)
#2 C:\wamp2\www\kex\index.php(114): Bluz\Application\Application->process()
#3 {main}

[19:44:25]	Controller not found 'error/index' [C:\wamp2\www\kex/modules/Error/controller/index.php]
#0 C:\wamp2\www\kex\lib\bluz\Application\Application.php(809): Bluz\Application\Application->getControllerFile('error', 'index')
#1 C:\wamp2\www\kex\lib\bluz\Application\Application.php(777): Bluz\Application\Application->dispatch('error', 'index', Array)
#2 C:\wamp2\www\kex\index.php(114): Bluz\Application\Application->process()
#3 {main}

[19:46:57]	Controller not found 'error/index' [C:\wamp2\www\kex/modules/Error/controller/index.php]
#0 C:\wamp2\www\kex\lib\bluz\Application\Application.php(809): Bluz\Application\Application->getControllerFile('error', 'index')
#1 C:\wamp2\www\kex\lib\bluz\Application\Application.php(777): Bluz\Application\Application->dispatch('error', 'index', Array)
#2 C:\wamp2\www\kex\index.php(114): Bluz\Application\Application->process()
#3 {main}

[19:47:10]	Controller not found 'error/index' [C:\wamp2\www\kex/modules/Error/controller/index.php]
#0 C:\wamp2\www\kex\lib\bluz\Application\Application.php(809): Bluz\Application\Application->getControllerFile('error', 'index')
#1 C:\wamp2\www\kex\lib\bluz\Application\Application.php(777): Bluz\Application\Application->dispatch('error', 'index', Array)
#2 C:\wamp2\www\kex\index.php(114): Bluz\Application\Application->process()
#3 {main}

[19:47:11]	Controller not found 'error/index' [C:\wamp2\www\kex/modules/Error/controller/index.php]
#0 C:\wamp2\www\kex\lib\bluz\Application\Application.php(809): Bluz\Application\Application->getControllerFile('error', 'index')
#1 C:\wamp2\www\kex\lib\bluz\Application\Application.php(777): Bluz\Application\Application->dispatch('error', 'index', Array)
#2 C:\wamp2\www\kex\index.php(114): Bluz\Application\Application->process()
#3 {main}

[19:47:12]	Controller not found 'error/index' [C:\wamp2\www\kex/modules/Error/controller/index.php]
#0 C:\wamp2\www\kex\lib\bluz\Application\Application.php(809): Bluz\Application\Application->getControllerFile('error', 'index')
#1 C:\wamp2\www\kex\lib\bluz\Application\Application.php(777): Bluz\Application\Application->dispatch('error', 'index', Array)
#2 C:\wamp2\www\kex\index.php(114): Bluz\Application\Application->process()
#3 {main}

[19:47:33]	Controller not found 'error/index' [C:\wamp2\www\kex/modules/Error/controller/index.php]
#0 C:\wamp2\www\kex\lib\bluz\Application\Application.php(809): Bluz\Application\Application->getControllerFile('error', 'index')
#1 C:\wamp2\www\kex\lib\bluz\Application\Application.php(777): Bluz\Application\Application->dispatch('error', 'index', Array)
#2 C:\wamp2\www\kex\index.php(114): Bluz\Application\Application->process()
#3 {main}

[19:47:44]	Controller not found 'error/index' [C:\wamp2\www\kex/modules/Error/controller/index.php]
#0 C:\wamp2\www\kex\lib\bluz\Application\Application.php(809): Bluz\Application\Application->getControllerFile('error', 'index')
#1 C:\wamp2\www\kex\lib\bluz\Application\Application.php(777): Bluz\Application\Application->dispatch('error', 'index', Array)
#2 C:\wamp2\www\kex\index.php(114): Bluz\Application\Application->process()
#3 {main}

[19:48:39]	Controller not found 'error/index' [C:\wamp2\www\kex/modules/Error/controller/index.php]
#0 C:\wamp2\www\kex\lib\bluz\Application\Application.php(809): Bluz\Application\Application->getControllerFile('error', 'index')
#1 C:\wamp2\www\kex\lib\bluz\Application\Application.php(777): Bluz\Application\Application->dispatch('error', 'index', Array)
#2 C:\wamp2\www\kex\index.php(114): Bluz\Application\Application->process()
#3 {main}

[19:49:52]	Controller not found 'error/index' [C:\wamp2\www\kex/modules/Error/controller/index.php]
#0 C:\wamp2\www\kex\lib\bluz\Application\Application.php(809): Bluz\Application\Application->getControllerFile('error', 'index')
#1 C:\wamp2\www\kex\lib\bluz\Application\Application.php(777): Bluz\Application\Application->dispatch('error', 'index', Array)
#2 C:\wamp2\www\kex\index.php(114): Bluz\Application\Application->process()
#3 {main}

[19:58:08]	Class 'Twig_TokenParserBroker' not found
C:\wamp2\www\kex\lib\twig\twig\lib\Twig\Environment.php#1152

[19:58:08]	[type]: 1  Class 'Twig_TokenParserBroker' not found [file]: C:\wamp2\www\kex\lib\twig\twig\lib\Twig\Environment.php [line]: 1152 
[19:58:23]	Class 'Twig_TokenParserBroker' not found
C:\wamp2\www\kex\lib\twig\twig\lib\Twig\Environment.php#1152

[19:58:23]	[type]: 1  Class 'Twig_TokenParserBroker' not found [file]: C:\wamp2\www\kex\lib\twig\twig\lib\Twig\Environment.php [line]: 1152 
[19:58:24]	Class 'Twig_TokenParserBroker' not found
C:\wamp2\www\kex\lib\twig\twig\lib\Twig\Environment.php#1152

[19:58:24]	[type]: 1  Class 'Twig_TokenParserBroker' not found [file]: C:\wamp2\www\kex\lib\twig\twig\lib\Twig\Environment.php [line]: 1152 
[19:59:03]	Class 'Twig_TokenParserBroker' not found
C:\wamp2\www\kex\lib\twig\twig\lib\Twig\Environment.php#1152

[19:59:03]	[type]: 1  Class 'Twig_TokenParserBroker' not found [file]: C:\wamp2\www\kex\lib\twig\twig\lib\Twig\Environment.php [line]: 1152 
[20:00:14]	Class 'Twig_TokenParserBroker' not found
C:\wamp2\www\kex\lib\twig\twig\lib\Twig\Environment.php#1152

[20:00:14]	[type]: 1  Class 'Twig_TokenParserBroker' not found [file]: C:\wamp2\www\kex\lib\twig\twig\lib\Twig\Environment.php [line]: 1152 
[20:00:43]	Class 'Twig_TokenParserBroker' not found
C:\wamp2\www\kex\lib\twig\twig\lib\Twig\Environment.php#1152

[20:00:43]	[type]: 1  Class 'Twig_TokenParserBroker' not found [file]: C:\wamp2\www\kex\lib\twig\twig\lib\Twig\Environment.php [line]: 1152 
[20:01:49]	Class 'Twig_TokenParserBroker' not found
C:\wamp2\www\kex\lib\twig\twig\lib\Twig\Environment.php#1152

[20:01:49]	[type]: 1  Class 'Twig_TokenParserBroker' not found [file]: C:\wamp2\www\kex\lib\twig\twig\lib\Twig\Environment.php [line]: 1152 
[20:01:51]	Class 'Twig_TokenParserBroker' not found
C:\wamp2\www\kex\lib\twig\twig\lib\Twig\Environment.php#1152

[20:01:51]	[type]: 1  Class 'Twig_TokenParserBroker' not found [file]: C:\wamp2\www\kex\lib\twig\twig\lib\Twig\Environment.php [line]: 1152 
[20:01:58]	Class 'Twig_TokenParserBroker' not found
C:\wamp2\www\kex\lib\twig\twig\lib\Twig\Environment.php#1152

[20:01:58]	[type]: 1  Class 'Twig_TokenParserBroker' not found [file]: C:\wamp2\www\kex\lib\twig\twig\lib\Twig\Environment.php [line]: 1152 
[20:01:59]	Class 'Twig_TokenParserBroker' not found
C:\wamp2\www\kex\lib\twig\twig\lib\Twig\Environment.php#1152

[20:01:59]	[type]: 1  Class 'Twig_TokenParserBroker' not found [file]: C:\wamp2\www\kex\lib\twig\twig\lib\Twig\Environment.php [line]: 1152 
[20:02:00]	Class 'Twig_TokenParserBroker' not found
C:\wamp2\www\kex\lib\twig\twig\lib\Twig\Environment.php#1152

[20:02:00]	[type]: 1  Class 'Twig_TokenParserBroker' not found [file]: C:\wamp2\www\kex\lib\twig\twig\lib\Twig\Environment.php [line]: 1152 
[20:02:01]	Class 'Twig_TokenParserBroker' not found
C:\wamp2\www\kex\lib\twig\twig\lib\Twig\Environment.php#1152

[20:02:01]	[type]: 1  Class 'Twig_TokenParserBroker' not found [file]: C:\wamp2\www\kex\lib\twig\twig\lib\Twig\Environment.php [line]: 1152 
[20:02:21]	Class 'Twig_TokenParserBroker' not found
C:\wamp2\www\kex\lib\twig\twig\lib\Twig\Environment.php#1152

[20:02:21]	[type]: 1  Class 'Twig_TokenParserBroker' not found [file]: C:\wamp2\www\kex\lib\twig\twig\lib\Twig\Environment.php [line]: 1152 
[20:03:31]	Class 'Twig_TokenParserBroker' not found
C:\wamp2\www\kex\lib\twig\twig\lib\Twig\Environment.php#1152

[20:03:31]	[type]: 1  Class 'Twig_TokenParserBroker' not found [file]: C:\wamp2\www\kex\lib\twig\twig\lib\Twig\Environment.php [line]: 1152 
[20:05:47]	Class 'Twig_TokenParserBroker' not found
C:\wamp2\www\kex\lib\twig\twig\lib\Twig\Environment.php#1152

[20:05:47]	[type]: 1  Class 'Twig_TokenParserBroker' not found [file]: C:\wamp2\www\kex\lib\twig\twig\lib\Twig\Environment.php [line]: 1152 
[20:05:48]	Class 'Twig_TokenParserBroker' not found
C:\wamp2\www\kex\lib\twig\twig\lib\Twig\Environment.php#1152

[20:05:48]	[type]: 1  Class 'Twig_TokenParserBroker' not found [file]: C:\wamp2\www\kex\lib\twig\twig\lib\Twig\Environment.php [line]: 1152 
[20:06:15]	Class 'Twig_TokenParserBroker' not found
C:\wamp2\www\kex\lib\twig\twig\lib\Twig\Environment.php#1152

[20:06:15]	[type]: 1  Class 'Twig_TokenParserBroker' not found [file]: C:\wamp2\www\kex\lib\twig\twig\lib\Twig\Environment.php [line]: 1152 
[20:13:17]	Class 'Twig_TokenParserBroker' not found
C:\wamp2\www\kex\lib\twig\twig\lib\Twig\Environment.php#1152

[20:13:17]	[type]: 1  Class 'Twig_TokenParserBroker' not found [file]: C:\wamp2\www\kex\lib\twig\twig\lib\Twig\Environment.php [line]: 1152 
[20:13:18]	Class 'Twig_TokenParserBroker' not found
C:\wamp2\www\kex\lib\twig\twig\lib\Twig\Environment.php#1152

[20:13:18]	[type]: 1  Class 'Twig_TokenParserBroker' not found [file]: C:\wamp2\www\kex\lib\twig\twig\lib\Twig\Environment.php [line]: 1152 
[20:13:25]	Class 'Twig_TokenParserBroker' not found
C:\wamp2\www\kex\lib\twig\twig\lib\Twig\Environment.php#1152

[20:13:25]	[type]: 1  Class 'Twig_TokenParserBroker' not found [file]: C:\wamp2\www\kex\lib\twig\twig\lib\Twig\Environment.php [line]: 1152 
[20:14:00]	Class 'Twig_TokenParserBroker' not found
C:\wamp2\www\kex\lib\twig\twig\lib\Twig\Environment.php#1152

[20:14:00]	[type]: 1  Class 'Twig_TokenParserBroker' not found [file]: C:\wamp2\www\kex\lib\twig\twig\lib\Twig\Environment.php [line]: 1152 
[20:34:12]	Class 'Monolog\Logger' not found
C:\wamp2\www\kex\lib\bluz\Logger\Logger.php#137

[20:34:12]	[type]: 1  Class 'Monolog\Logger' not found [file]: C:\wamp2\www\kex\lib\bluz\Logger\Logger.php [line]: 137 
[20:34:22]	Class 'Monolog\Logger' not found
C:\wamp2\www\kex\lib\bluz\Logger\Logger.php#137

[20:34:22]	[type]: 1  Class 'Monolog\Logger' not found [file]: C:\wamp2\www\kex\lib\bluz\Logger\Logger.php [line]: 137 
[20:36:00]	Class 'Monolog\Logger' not found
C:\wamp2\www\kex\lib\bluz\Logger\Logger.php#137

[20:36:00]	[type]: 1  Class 'Monolog\Logger' not found [file]: C:\wamp2\www\kex\lib\bluz\Logger\Logger.php [line]: 137 
[20:36:06]	Class 'Monolog\Logger' not found
C:\wamp2\www\kex\lib\bluz\Logger\Logger.php#137

[20:36:06]	[type]: 1  Class 'Monolog\Logger' not found [file]: C:\wamp2\www\kex\lib\bluz\Logger\Logger.php [line]: 137 
[20:36:09]	Class 'Monolog\Logger' not found
C:\wamp2\www\kex\lib\bluz\Logger\Logger.php#137

[20:36:09]	[type]: 1  Class 'Monolog\Logger' not found [file]: C:\wamp2\www\kex\lib\bluz\Logger\Logger.php [line]: 137 