
[13:55:07]	[type]: 2  call_user_func_array() expects parameter 1 to be a valid callback, first array member is not a valid class name or object [file]: C:\wamp2\www\kex\lib\bluz\View\Helper\Ahref.php [line]: 38 
[13:55:40]	[type]: 2  call_user_func_array() expects parameter 1 to be a valid callback, first array member is not a valid class name or object [file]: C:\wamp2\www\kex\lib\bluz\View\Helper\Ahref.php [line]: 38 
[13:56:23]	[type]: 2  call_user_func_array() expects parameter 1 to be a valid callback, first array member is not a valid class name or object [file]: C:\wamp2\www\kex\lib\bluz\View\Helper\Ahref.php [line]: 38 
[14:54:24]	Helper 'title' not found for 'Bluz\View\View'
#0 C:\wamp2\www\kex\Core\Bootstrap.php(80): Bluz\View\View->__call('title', Array)
#1 C:\wamp2\www\kex\Core\Bootstrap.php(80): Bluz\View\Layout->title('????????????')
#2 C:\wamp2\www\kex\index.php(113): Application\Bootstrap->init('debug')
#3 {main}

[14:55:15]	Helper 'title' not found for 'Bluz\View\View'
#0 C:\wamp2\www\kex\Core\Bootstrap.php(80): Bluz\View\View->__call('title', Array)
#1 C:\wamp2\www\kex\Core\Bootstrap.php(80): Bluz\View\Layout->title('????????????')
#2 C:\wamp2\www\kex\index.php(113): Application\Bootstrap->init('debug')
#3 {main}

[14:57:16]	Helper 'title' not found for 'Bluz\View\View'
#0 C:\wamp2\www\kex\Core\Bootstrap.php(80): Bluz\View\View->__call('title', Array)
#1 C:\wamp2\www\kex\Core\Bootstrap.php(80): Bluz\View\Layout->title('????????????')
#2 C:\wamp2\www\kex\index.php(113): Application\Bootstrap->init('debug')
#3 {main}

[14:57:30]	Helper 'title' not found for 'Bluz\View\View'
#0 C:\wamp2\www\kex\Core\Bootstrap.php(80): Bluz\View\View->__call('title', Array)
#1 C:\wamp2\www\kex\Core\Bootstrap.php(80): Bluz\View\Layout->title('????????????')
#2 C:\wamp2\www\kex\index.php(113): Application\Bootstrap->init('debug')
#3 {main}

[14:57:42]	Helper 'title' not found for 'Bluz\View\View'
#0 C:\wamp2\www\kex\Core\Bootstrap.php(80): Bluz\View\View->__call('title', Array)
#1 C:\wamp2\www\kex\Core\Bootstrap.php(80): Bluz\View\Layout->title('????????????')
#2 C:\wamp2\www\kex\index.php(113): Application\Bootstrap->init('debug')
#3 {main}

[14:58:02]	Helper 'title' not found for 'Bluz\View\View'
#0 C:\wamp2\www\kex\Core\Bootstrap.php(80): Bluz\View\View->__call('title', Array)
#1 C:\wamp2\www\kex\Core\Bootstrap.php(80): Bluz\View\Layout->title('????????????')
#2 C:\wamp2\www\kex\index.php(113): Application\Bootstrap->init('debug')
#3 {main}

[14:58:02]	[type]: 8  Undefined variable: helperPath [file]: C:\wamp2\www\kex\lib\bluz\View\View.php [line]: 560 
[14:58:20]	+Helper 'title' not found for 'Bluz\View\View'
#0 C:\wamp2\www\kex\Core\Bootstrap.php(80): Bluz\View\View->__call('title', Array)
#1 C:\wamp2\www\kex\Core\Bootstrap.php(80): Bluz\View\Layout->title('????????????')
#2 C:\wamp2\www\kex\index.php(113): Application\Bootstrap->init('debug')
#3 {main}

[14:58:42]	Helper 'title' not found for 'Bluz\View\View'
#0 C:\wamp2\www\kex\Core\Bootstrap.php(80): Bluz\View\View->__call('title', Array)
#1 C:\wamp2\www\kex\Core\Bootstrap.php(80): Bluz\View\Layout->title('????????????')
#2 C:\wamp2\www\kex\index.php(113): Application\Bootstrap->init('debug')
#3 {main}

[14:58:57]	Helper 'title' not found for 'Bluz\View\View'
#0 C:\wamp2\www\kex\Core\Bootstrap.php(80): Bluz\View\View->__call('title', Array)
#1 C:\wamp2\www\kex\Core\Bootstrap.php(80): Bluz\View\Layout->title('????????????')
#2 C:\wamp2\www\kex\index.php(113): Application\Bootstrap->init('debug')
#3 {main}

[14:58:57]	[type]: 8  Use of undefined constant self - assumed 'self' [file]: C:\wamp2\www\kex\lib\bluz\View\View.php [line]: 546 
[14:59:05]	Helper 'title' not found for 'Bluz\View\View'
#0 C:\wamp2\www\kex\Core\Bootstrap.php(80): Bluz\View\View->__call('title', Array)
#1 C:\wamp2\www\kex\Core\Bootstrap.php(80): Bluz\View\Layout->title('????????????')
#2 C:\wamp2\www\kex\index.php(113): Application\Bootstrap->init('debug')
#3 {main}

[15:26:04]	syntax error, unexpected T_STRING
C:\wamp2\www\kex\Core\View\helper\title.php#53

[15:26:04]	[type]: 4  syntax error, unexpected T_STRING [file]: C:\wamp2\www\kex\Core\View\helper\title.php [line]: 53 
[15:54:29]	[type]: 2  trim() expects parameter 1 to be string, array given [file]: C:\wamp2\www\kex\Core\View\helper\title.php [line]: 63 
[15:55:22]	[type]: 2  trim() expects parameter 1 to be string, array given [file]: C:\wamp2\www\kex\Core\View\helper\title.php [line]: 63 
[15:55:35]	[type]: 2  trim() expects parameter 1 to be string, array given [file]: C:\wamp2\www\kex\Core\View\helper\title.php [line]: 63 
[21:33:01]	[type]: 4096  Argument 1 passed to Core\View\Helper\{closure}() must be an array, null given [file]: C:\wamp2\www\kex\Core\View\helper\breadCrumbs.php [line]: 16 
[21:33:14]	[type]: 4096  Argument 1 passed to Core\View\Helper\{closure}() must be an array, null given [file]: C:\wamp2\www\kex\Core\View\helper\breadCrumbs.php [line]: 16 
[21:40:22]	[type]: 2  htmlspecialchars() [<a href='function.htmlspecialchars'>function.htmlspecialchars</a>]: Invalid multibyte sequence in argument [file]: C:\wamp2\www\kex\lib\twig\twig\lib\Twig\Extension\Core.php [line]: 971 
[21:40:44]	[type]: 2  htmlspecialchars() [<a href='function.htmlspecialchars'>function.htmlspecialchars</a>]: Invalid multibyte sequence in argument [file]: C:\wamp2\www\kex\lib\twig\twig\lib\Twig\Extension\Core.php [line]: 971 
[21:40:57]	[type]: 2  htmlspecialchars() [<a href='function.htmlspecialchars'>function.htmlspecialchars</a>]: Invalid multibyte sequence in argument [file]: C:\wamp2\www\kex\lib\twig\twig\lib\Twig\Extension\Core.php [line]: 971 
[21:42:17]	[type]: 2  htmlspecialchars() [<a href='function.htmlspecialchars'>function.htmlspecialchars</a>]: Invalid multibyte sequence in argument [file]: C:\wamp2\www\kex\lib\twig\twig\lib\Twig\Extension\Core.php [line]: 971 
[21:42:36]	[type]: 2  htmlspecialchars() [<a href='function.htmlspecialchars'>function.htmlspecialchars</a>]: Invalid multibyte sequence in argument [file]: C:\wamp2\www\kex\lib\twig\twig\lib\Twig\Extension\Core.php [line]: 971 