
[08:39:03]	[type]: 8  Undefined index: categories_icon [file]: C:\wamp\www\kex\modules\Index\widget\mainmenu.php [line]: 95 
[14:26:58]	[type]: 8  Undefined index: categories_icon [file]: C:\wamp\www\kex\modules\Index\widget\mainmenu.php [line]: 95 
[14:35:42]	[type]: 8  Undefined index: categories_icon [file]: C:\wamp\www\kex\modules\Index\widget\mainmenu.php [line]: 95 [2015-03-17 18:45:54] .ERROR: SQLSTATE[42S22]: Column not found: 1054 Unknown column 'products_seo_page_name' in 'where clause' [] []
[2015-03-17 18:47:40] .ERROR: SQLSTATE[42S22]: Column not found: 1054 Unknown column 'products_seo_page_name' in 'where clause' [] []
[2015-03-17 18:47:49] .ERROR: SQLSTATE[42S22]: Column not found: 1054 Unknown column 'products_seo_page_name' in 'where clause' [] []
[2015-03-17 18:48:47] .ERROR: SQLSTATE[42S22]: Column not found: 1054 Unknown column 'products_seo_page_name' in 'where clause' [] []
[2015-03-17 18:51:08] .ERROR: SQLSTATE[42S22]: Column not found: 1054 Unknown column 'products_seo_page_name' in 'where clause' [] []
[2015-03-17 18:51:22] .ERROR: SQLSTATE[42S22]: Column not found: 1054 Unknown column 'products_seo_page_name' in 'where clause' [] []
[2015-03-17 18:51:33] .ERROR: SQLSTATE[42S22]: Column not found: 1054 Unknown column 'products_seo_page_name' in 'where clause' [] []
[2015-03-17 18:51:47] .ERROR: SQLSTATE[42S22]: Column not found: 1054 Unknown column 'products_seo_page_name' in 'where clause' [] []
[2015-03-17 18:53:03] .ERROR: SQLSTATE[42S22]: Column not found: 1054 Unknown column 'products_seo_page_name' in 'where clause' [] []
[2015-03-17 18:53:14] .ERROR: SQLSTATE[42S22]: Column not found: 1054 Unknown column 'products_seo_page_name' in 'where clause' [] []
[2015-03-17 18:53:33] .ERROR: SQLSTATE[42S22]: Column not found: 1054 Unknown column 'products_seo_page_name' in 'where clause' [] []
[2015-03-17 18:54:41] .ERROR: SQLSTATE[42S22]: Column not found: 1054 Unknown column 'products_seo_page_name' in 'where clause' [] []

[18:55:43]	[type]: 8  Undefined variable: bootstrapPath [file]: C:\wamp\www\kex\lib\bluz\Application\Application.php [line]: 883 [2015-03-17 18:56:05] .ERROR: SQLSTATE[42S22]: Column not found: 1054 Unknown column 'products_seo_page_name' in 'where clause' [] []
[2015-03-17 18:56:29] .ERROR: SQLSTATE[42S22]: Column not found: 1054 Unknown column 'products_seo_page_name' in 'where clause' [] []
[2015-03-17 19:00:33] .ERROR: SQLSTATE[42S22]: Column not found: 1054 Unknown column 'products_seo_page_name' in 'where clause' [] []
[2015-03-17 19:00:43] .ERROR: SQLSTATE[42S22]: Column not found: 1054 Unknown column 'products_seo_page_name' in 'where clause' [] []
[2015-03-17 19:11:47] .ERROR: SQLSTATE[42S22]: Column not found: 1054 Unknown column 'products_seo_page_name' in 'where clause' [] []
[2015-03-17 19:12:13] .ERROR: SQLSTATE[42S22]: Column not found: 1054 Unknown column 'products_seo_page_name' in 'where clause' [] []
[2015-03-17 19:12:22] .ERROR: SQLSTATE[42S22]: Column not found: 1054 Unknown column 'products_seo_page_name' in 'where clause' [] []
[2015-03-17 19:12:43] .ERROR: SQLSTATE[42S22]: Column not found: 1054 Unknown column 'products_seo_page_name' in 'where clause' [] []
[2015-03-17 19:34:26] .ERROR: SQLSTATE[42S22]: Column not found: 1054 Unknown column 'products_seo_page_name' in 'where clause' [] []
[2015-03-17 19:34:44] .ERROR: SQLSTATE[42S22]: Column not found: 1054 Unknown column 'products_seo_page_name' in 'where clause' [] []
[2015-03-17 19:34:59] .ERROR: SQLSTATE[42S22]: Column not found: 1054 Unknown column 'products_seo_page_name' in 'where clause' [] []
[2015-03-17 19:35:19] .ERROR: SQLSTATE[42S22]: Column not found: 1054 Unknown column 'products_seo_page_name' in 'where clause' [] []
[2015-03-17 19:35:33] .ERROR: SQLSTATE[42S22]: Column not found: 1054 Unknown column 'products_seo_page_name' in 'where clause' [] []
[2015-03-17 19:35:44] .ERROR: SQLSTATE[42S22]: Column not found: 1054 Unknown column 'products_seo_page_name' in 'where clause' [] []
[2015-03-17 19:35:53] .ERROR: SQLSTATE[42S22]: Column not found: 1054 Unknown column 'products_seo_page_name' in 'where clause' [] []
[2015-03-17 19:36:06] .ERROR: SQLSTATE[42S22]: Column not found: 1054 Unknown column 'products_seo_page_name' in 'where clause' [] []
[2015-03-17 19:36:45] .ERROR: SQLSTATE[42S22]: Column not found: 1054 Unknown column 'products_seo_page_name' in 'where clause' [] []
[2015-03-17 19:38:21] .ERROR: SQLSTATE[42S22]: Column not found: 1054 Unknown column 'products_seo_page_name' in 'where clause' [] []
[2015-03-17 19:42:39] .ERROR: SQLSTATE[42S22]: Column not found: 1054 Unknown column 'products_seo_page_name' in 'where clause' [] []
[2015-03-17 19:42:58] .ERROR: SQLSTATE[42S22]: Column not found: 1054 Unknown column 'products_seo_page_name' in 'where clause' [] []
[2015-03-17 19:43:50] .ERROR: SQLSTATE[42S22]: Column not found: 1054 Unknown column 'products_seo_page_name' in 'where clause' [] []
[2015-03-17 19:44:22] .ERROR: Такого продукта нет [] []
[2015-03-17 19:44:47] .ERROR: Такого продукта нет [] []
[2015-03-17 19:45:35] .ERROR: Такого продукта нет [] []
[2015-03-17 19:45:51] .ERROR: Такого продукта нет [] []
[2015-03-17 19:52:16] .ERROR: Такого продукта нет [] []
[2015-03-17 19:52:27] .ERROR: Такого продукта нет [] []
[2015-03-17 19:52:41] .ERROR: Такого продукта нет [] []
